Running Steam on linuxmint 18.2 64-bit
STEAM_RUNTIME is enabled automatically
Installing breakpad exception handler for appid(steam)/version(1500335472)
Installing breakpad exception handler for appid(steam)/version(1500335472)
Installing breakpad exception handler for appid(steam)/version(1500335472)
Installing breakpad exception handler for appid(steam)/version(1500335472)
Gtk-Message: Failed to load module "gail"
Gtk-Message: Failed to load module "atk-bridge"

(steam:8880): Gtk-WARNING **: Unable to locate theme engine in module_path: "adwaita",
/usr/share/themes/Mint-Y/gtk-2.0/main.rc:1084: error: unexpected identifier `direction', expected character `}'
Installing breakpad exception handler for appid(steam)/version(1500335472)
Fontconfig error: "/etc/fonts/conf.d/10-scale-bitmap-fonts.conf", line 72: non-double matrix element
Fontconfig error: "/etc/fonts/conf.d/10-scale-bitmap-fonts.conf", line 72: non-double matrix element
Fontconfig warning: "/etc/fonts/conf.d/10-scale-bitmap-fonts.conf", line 80: saw unknown, expected number
Installing breakpad exception handler for appid(steam)/version(1500335472)
Installing breakpad exception handler for appid(steam)/version(1500335472)
Installing breakpad exception handler for appid(steam)/version(1500335472)
Installing breakpad exception handler for appid(steam)/version(1500335472)
Installing breakpad exception handler for appid(steam)/version(1500335472)
Installing breakpad exception handler for appid(steam)/version(1500335472)
Installing breakpad exception handler for appid(steam)/version(1500335472)
Installing breakpad exception handler for appid(steam)/version(1500335472)
Installing breakpad exception handler for appid(steam)/version(1500335472)
Installing breakpad exception handler for appid(steam)/version(1500335472)
Installing breakpad exception handler for appid(steam)/version(1500335472)
Setting breakpad minidump AppID = 769
Steam_SetMinidumpSteamID:  Caching Steam ID:  76561197960265728 [API loaded no]

** (steam:8880): WARNING **: Unknown device type 14

** (steam:8880): WARNING **: Could not create object for /org/freedesktop/NetworkManager/Devices/2: unknown object type

** (steam:8880): WARNING **: Ignoring invalid property 'secondaries'

** (steam:8880): WARNING **: Ignoring invalid property 'autoconnect-priority'

** (steam:8880): WARNING **: Ignoring invalid property 'route-data'

** (steam:8880): WARNING **: Ignoring invalid property 'address-data'

** (steam:8880): WARNING **: Ignoring invalid property 'route-data'

** (steam:8880): WARNING **: Ignoring invalid property 'address-data'

** (steam:8880): WARNING **: Ignoring invalid property 'secondaries'

** (steam:8880): WARNING **: Ignoring invalid property 'route-data'

** (steam:8880): WARNING **: Ignoring invalid property 'address-data'

** (steam:8880): WARNING **: Ignoring invalid property 'route-data'

** (steam:8880): WARNING **: Ignoring invalid property 'address-data'

** (steam:8880): WARNING **: Ignoring invalid property 'secondaries'

** (steam:8880): WARNING **: Ignoring invalid property 'route-data'

** (steam:8880): WARNING **: Ignoring invalid property 'address-data'

** (steam:8880): WARNING **: Ignoring invalid property 'route-data'

** (steam:8880): WARNING **: Ignoring invalid property 'address-data'

** (steam:8880): WARNING **: Ignoring invalid property 'secondaries'

** (steam:8880): WARNING **: Ignoring invalid property 'route-data'

** (steam:8880): WARNING **: Ignoring invalid property 'address-data'

** (steam:8880): WARNING **: Ignoring invalid property 'route-data'

** (steam:8880): WARNING **: Ignoring invalid property 'address-data'

** (steam:8880): WARNING **: Ignoring invalid property 'secondaries'

** (steam:8880): WARNING **: Ignoring invalid property 'autoconnect-priority'

** (steam:8880): WARNING **: Ignoring invalid property 'route-data'

** (steam:8880): WARNING **: Ignoring invalid property 'address-data'

** (steam:8880): WARNING **: Ignoring invalid property 'route-data'

** (steam:8880): WARNING **: Ignoring invalid property 'address-data'

** (steam:8880): WARNING **: Ignoring invalid property 'secondaries'

** (steam:8880): WARNING **: Ignoring invalid property 'route-data'

** (steam:8880): WARNING **: Ignoring invalid property 'address-data'

** (steam:8880): WARNING **: Ignoring invalid property 'route-data'

** (steam:8880): WARNING **: Ignoring invalid property 'address-data'

** (steam:8880): WARNING **: Ignoring invalid property 'secondaries'

** (steam:8880): WARNING **: Ignoring invalid property 'route-data'

** (steam:8880): WARNING **: Ignoring invalid property 'address-data'

** (steam:8880): WARNING **: Ignoring invalid property 'route-data'

** (steam:8880): WARNING **: Ignoring invalid property 'address-data'

** (steam:8880): WARNING **: Ignoring invalid property 'secondaries'

** (steam:8880): WARNING **: Ignoring invalid property 'route-data'

** (steam:8880): WARNING **: Ignoring invalid property 'address-data'

** (steam:8880): WARNING **: Ignoring invalid property 'route-data'

** (steam:8880): WARNING **: Ignoring invalid property 'address-data'
Installing breakpad exception handler for appid(steam)/version(1500335472)
Generating new string page texture 2: 48x256, total string texture memory is 49.15 KB
Generating new string page texture 3: 384x256, total string texture memory is 442.37 KB
Installing breakpad exception handler for appid(steam)/version(1500335472)
Installing breakpad exception handler for appid(steam)/version(1500335472)
roaming config store loaded successfully - 3277 bytes.
migrating temporary roaming config store
Installing breakpad exception handler for appid(steam)/version(1500335472)
Installing breakpad exception handler for appid(steam)/version(1500335472)
Failed to init SteamVR because it isn't installed
Installing breakpad exception handler for appid(steam)/version(1500335472)
ExecCommandLine: "'/home/lam/.local/share/Steam/ubuntu12_32/steam'"
Installing breakpad exception handler for appid(steam)/version(1500335472)
System startup time: 6.33 seconds

(steam:8880): LIBDBUSMENU-GLIB-WARNING **: Trying to remove a child that doesn't believe we're it's parent.

(steam:8880): LIBDBUSMENU-GLIB-WARNING **: Trying to remove a child that doesn't believe we're it's parent.

(steam:8880): LIBDBUSMENU-GLIB-WARNING **: Trying to remove a child that doesn't believe we're it's parent.

(steam:8880): LIBDBUSMENU-GLIB-WARNING **: Trying to remove a child that doesn't believe we're it's parent.

(steam:8880): LIBDBUSMENU-GLIB-WARNING **: Trying to remove a child that doesn't believe we're it's parent.

(steam:8880): LIBDBUSMENU-GLIB-WARNING **: Trying to remove a child that doesn't believe we're it's parent.

(steam:8880): LIBDBUSMENU-GLIB-WARNING **: Trying to remove a child that doesn't believe we're it's parent.

(steam:8880): LIBDBUSMENU-GLIB-WARNING **: Trying to remove a child that doesn't believe we're it's parent.

(steam:8880): LIBDBUSMENU-GLIB-WARNING **: Trying to remove a child that doesn't believe we're it's parent.

(steam:8880): LIBDBUSMENU-GLIB-WARNING **: Trying to remove a child that doesn't believe we're it's parent.

(steam:8880): LIBDBUSMENU-GLIB-WARNING **: Trying to remove a child that doesn't believe we're it's parent.

(steam:8880): LIBDBUSMENU-GLIB-WARNING **: Trying to remove a child that doesn't believe we're it's parent.

(steam:8880): LIBDBUSMENU-GLIB-WARNING **: Trying to remove a child that doesn't believe we're it's parent.

(steam:8880): LIBDBUSMENU-GLIB-WARNING **: Trying to remove a child that doesn't believe we're it's parent.

(steam:8880): LIBDBUSMENU-GLIB-WARNING **: Trying to remove a child that doesn't believe we're it's parent.

(steam:8880): LIBDBUSMENU-GLIB-WARNING **: Trying to remove a child that doesn't believe we're it's parent.

(steam:8880): LIBDBUSMENU-GLIB-WARNING **: Trying to remove a child that doesn't believe we're it's parent.

(steam:8880): LIBDBUSMENU-GLIB-WARNING **: Trying to remove a child that doesn't believe we're it's parent.

(steam:8880): LIBDBUSMENU-GLIB-WARNING **: Trying to remove a child that doesn't believe we're it's parent.
Generating new string page texture 74: 1024x256, total string texture memory is 1.49 MB
Generating new string page texture 75: 128x256, total string texture memory is 131.07 KB
Generating new string page texture 76: 128x256, total string texture memory is 1.62 MB
Generating new string page texture 77: 256x256, total string texture memory is 1.88 MB
Generating new string page texture 78: 64x256, total string texture memory is 1.95 MB
Generating new string page texture 79: 8x256, total string texture memory is 1.96 MB
Generating new string page texture 80: 32x256, total string texture memory is 1.99 MB
Generating new string page texture 86: 128x256, total string texture memory is 2.12 MB
Generating new string page texture 87: 512x256, total string texture memory is 2.65 MB
Generating new string page texture 88: 128x256, total string texture memory is 2.78 MB
Generating new string page texture 114: 256x256, total string texture memory is 3.04 MB
Generating new string page texture 116: 24x256, total string texture memory is 3.06 MB
Generating new string page texture 182: 16x256, total string texture memory is 3.08 MB
Installing breakpad exception handler for appid(steam)/version(1500335472)
Generating new string page texture 185: 48x256, total string texture memory is 3.13 MB
Generating new string page texture 186: 128x256, total string texture memory is 3.26 MB
Generating new string page texture 188: 256x256, total string texture memory is 3.52 MB
[0804/145549.563704:ERROR:web_plugin_impl.cc(38)] Widevine registration is not supported after context initialization
[0804/145551.914091:ERROR:web_plugin_impl.cc(38)] Widevine registration is not supported after context initialization
Generating new string page texture 336: 64x256, total string texture memory is 3.59 MB
